c:\code\github\supershortcuts\llhook\x64\release\llhookx64.pch
c:\code\github\supershortcuts\llhook\x64\release\vc142.pdb
c:\code\github\supershortcuts\llhook\x64\release\stdafx.obj
c:\code\github\supershortcuts\llhook\x64\release\dllmain.obj
c:\code\github\supershortcuts\llhook\x64\release\llhook.obj
c:\code\github\supershortcuts\llhook\x64\release\lldispatcher.obj
c:\code\github\supershortcuts\x64\release\llhookx64.dll
c:\code\github\supershortcuts\llhook\x64\release\llhookx64.ipdb
c:\code\github\supershortcuts\llhook\x64\release\llhookx64.iobj
c:\code\github\supershortcuts\x64\release\llhookx64.pdb
c:\code\github\supershortcuts\x64\release\llhookx64.lib
c:\code\github\supershortcuts\x64\release\llhookx64.exp
c:\code\github\supershortcuts\llhook\x64\release\llhook.tlog\cl.command.1.tlog
c:\code\github\supershortcuts\llhook\x64\release\llhook.tlog\cl.read.1.tlog
c:\code\github\supershortcuts\llhook\x64\release\llhook.tlog\cl.write.1.tlog
c:\code\github\supershortcuts\llhook\x64\release\llhook.tlog\link.command.1.tlog
c:\code\github\supershortcuts\llhook\x64\release\llhook.tlog\link.delete.1.tlog
c:\code\github\supershortcuts\llhook\x64\release\llhook.tlog\link.read.1.tlog
c:\code\github\supershortcuts\llhook\x64\release\llhook.tlog\link.write.1.tlog
c:\code\github\supershortcuts\llhook\x64\release\llhook.tlog\llhook.write.1u.tlog
