c:\code\github\supershortcuts\supershortcuts\debug\vc142.pdb
c:\code\github\supershortcuts\supershortcuts\debug\vc142.idb
c:\code\github\supershortcuts\supershortcuts\debug\stdafx.obj
c:\code\github\supershortcuts\supershortcuts\debug\keycommand.obj
c:\code\github\supershortcuts\supershortcuts\debug\messagerproxy.obj
c:\code\github\supershortcuts\supershortcuts\debug\main.obj
c:\code\github\supershortcuts\supershortcuts\debug\commandserver.obj
c:\code\github\supershortcuts\debug\supershortcuts.exe
c:\code\github\supershortcuts\supershortcuts\debug\supershortcuts.ilk
c:\code\github\supershortcuts\debug\supershortcuts.pdb
c:\code\github\supershortcuts\supershortcuts\debug\resource.res
c:\code\github\supershortcuts\debug\supershortcuts.lib
c:\code\github\supershortcuts\debug\supershortcuts.exp
c:\code\github\supershortcuts\supershortcuts\debug\supershortcuts.tlog\cl.command.1.tlog
c:\code\github\supershortcuts\supershortcuts\debug\supershortcuts.tlog\cl.read.1.tlog
c:\code\github\supershortcuts\supershortcuts\debug\supershortcuts.tlog\cl.write.1.tlog
c:\code\github\supershortcuts\supershortcuts\debug\supershortcuts.tlog\link.command.1.tlog
c:\code\github\supershortcuts\supershortcuts\debug\supershortcuts.tlog\link.read.1.tlog
c:\code\github\supershortcuts\supershortcuts\debug\supershortcuts.tlog\link.write.1.tlog
c:\code\github\supershortcuts\supershortcuts\debug\supershortcuts.tlog\rc.command.1.tlog
c:\code\github\supershortcuts\supershortcuts\debug\supershortcuts.tlog\rc.read.1.tlog
c:\code\github\supershortcuts\supershortcuts\debug\supershortcuts.tlog\rc.write.1.tlog
c:\code\github\supershortcuts\supershortcuts\debug\supershortcuts.tlog\supershortcuts.write.1u.tlog
